
*** Running vivado
    with args -log riscv_Ethernet_0.vds -m64 -product Vivado -mode batch -messageDb vivado.pb -notrace -source riscv_Ethernet_0.tcl


****** Vivado v2022.2 (64-bit)
  **** SW Build 3671981 on Fri Oct 14 04:59:54 MDT 2022
  **** IP Build 3669848 on Fri Oct 14 08:30:02 MDT 2022
    ** Copyright 1986-2022 Xilinx, Inc. All Rights Reserved.

source riscv_Ethernet_0.tcl -notrace
create_project: Time (s): cpu = 00:00:07 ; elapsed = 00:00:08 . Memory (MB): peak = 1297.555 ; gain = 37.023 ; free physical = 131 ; free virtual = 20017
INFO: [IP_Flow 19-234] Refreshing IP repositories
INFO: [IP_Flow 19-1704] No user IP repositories specified
INFO: [IP_Flow 19-2313] Loaded Vivado IP repository '/home/ashraf/tools/Vivado/2022.2/data/ip'.
INFO: [IP_Flow 19-6924] IPCACHE: Running cache check for IP inst: riscv_Ethernet_0
Command: synth_design -top riscv_Ethernet_0 -part xc7vx485tffg1761-2 -incremental_mode off -mode out_of_context
Starting synth_design
Attempting to get a license for feature 'Synthesis' and/or device 'xc7vx485t'
INFO: [Common 17-349] Got license for feature 'Synthesis' and/or device 'xc7vx485t'
INFO: [Device 21-403] Loading part xc7vx485tffg1761-2
INFO: [Synth 8-7079] Multithreading enabled for synth_design using a maximum of 4 processes.
INFO: [Synth 8-7078] Launching helper process for spawning children vivado processes
INFO: [Synth 8-7075] Helper process launched with PID 56813
INFO: [Synth 8-11241] undeclared symbol 'REGCCE', assumed default net type 'wire' [/home/ashraf/tools/Vivado/2022.2/data/verilog/src/unimacro/BRAM_SINGLE_MACRO.v:2170]
---------------------------------------------------------------------------------
Starting RTL Elaboration : Time (s): cpu = 00:00:04 ; elapsed = 00:00:05 . Memory (MB): peak = 2169.789 ; gain = 369.801 ; free physical = 129 ; free virtual = 17461
Synthesis current peak Physical Memory [PSS] (MB): peak = 1314.238; parent = 1263.365; children = 50.873
Synthesis current peak Virtual Memory [VSS] (MB): peak = 2900.102; parent = 2175.730; children = 724.371
---------------------------------------------------------------------------------
INFO: [Synth 8-6157] synthesizing module 'riscv_Ethernet_0' [/home/ashraf/vivado-risc-v/workspace/rocket64b1/vivado-vc707-riscv/vc707-riscv.gen/sources_1/bd/riscv/ip/riscv_Ethernet_0/synth/riscv_Ethernet_0.v:53]
INFO: [Synth 8-6157] synthesizing module 'ethernet' [/home/ashraf/vivado-risc-v/ethernet/ethernet.v:25]
INFO: [Synth 8-6157] synthesizing module 'IOBUF' [/home/ashraf/tools/Vivado/2022.2/scripts/rt/data/unisim_comp.v:75902]
INFO: [Synth 8-6155] done synthesizing module 'IOBUF' (0#1) [/home/ashraf/tools/Vivado/2022.2/scripts/rt/data/unisim_comp.v:75902]
INFO: [Synth 8-155] case statement is not full and has no default [/home/ashraf/vivado-risc-v/ethernet/ethernet.v:280]
INFO: [Synth 8-155] case statement is not full and has no default [/home/ashraf/vivado-risc-v/ethernet/ethernet.v:300]
INFO: [Synth 8-155] case statement is not full and has no default [/home/ashraf/vivado-risc-v/ethernet/ethernet.v:310]
INFO: [Synth 8-155] case statement is not full and has no default [/home/ashraf/vivado-risc-v/ethernet/ethernet.v:334]
INFO: [Synth 8-155] case statement is not full and has no default [/home/ashraf/vivado-risc-v/ethernet/ethernet.v:345]
INFO: [Synth 8-155] case statement is not full and has no default [/home/ashraf/vivado-risc-v/ethernet/ethernet.v:353]
INFO: [Synth 8-6155] done synthesizing module 'ethernet' (0#1) [/home/ashraf/vivado-risc-v/ethernet/ethernet.v:25]
INFO: [Synth 8-6155] done synthesizing module 'riscv_Ethernet_0' (0#1) [/home/ashraf/vivado-risc-v/workspace/rocket64b1/vivado-vc707-riscv/vc707-riscv.gen/sources_1/bd/riscv/ip/riscv_Ethernet_0/synth/riscv_Ethernet_0.v:53]
WARNING: [Synth 8-7129] Port s_axi_awaddr[15] in module ethernet is either unconnected or has no load
WARNING: [Synth 8-7129] Port s_axi_awaddr[14] in module ethernet is either unconnected or has no load
WARNING: [Synth 8-7129] Port s_axi_awaddr[13] in module ethernet is either unconnected or has no load
WARNING: [Synth 8-7129] Port s_axi_awaddr[12] in module ethernet is either unconnected or has no load
WARNING: [Synth 8-7129] Port s_axi_araddr[15] in module ethernet is either unconnected or has no load
WARNING: [Synth 8-7129] Port s_axi_araddr[14] in module ethernet is either unconnected or has no load
WARNING: [Synth 8-7129] Port s_axi_araddr[13] in module ethernet is either unconnected or has no load
WARNING: [Synth 8-7129] Port s_axi_araddr[12] in module ethernet is either unconnected or has no load
---------------------------------------------------------------------------------
Finished RTL Elaboration : Time (s): cpu = 00:00:06 ; elapsed = 00:00:08 . Memory (MB): peak = 2254.695 ; gain = 454.707 ; free physical = 276 ; free virtual = 17237
Synthesis current peak Physical Memory [PSS] (MB): peak = 1314.238; parent = 1263.365; children = 78.208
Synthesis current peak Virtual Memory [VSS] (MB): peak = 2980.832; parent = 2254.699; children = 726.133
---------------------------------------------------------------------------------
---------------------------------------------------------------------------------
Start Handling Custom Attributes
---------------------------------------------------------------------------------
---------------------------------------------------------------------------------
Finished Handling Custom Attributes : Time (s): cpu = 00:00:06 ; elapsed = 00:00:08 . Memory (MB): peak = 2266.570 ; gain = 466.582 ; free physical = 249 ; free virtual = 17226
Synthesis current peak Physical Memory [PSS] (MB): peak = 1314.238; parent = 1263.365; children = 79.358
Synthesis current peak Virtual Memory [VSS] (MB): peak = 2992.707; parent = 2266.574; children = 726.133
---------------------------------------------------------------------------------
---------------------------------------------------------------------------------
Finished RTL Optimization Phase 1 : Time (s): cpu = 00:00:06 ; elapsed = 00:00:09 . Memory (MB): peak = 2266.570 ; gain = 466.582 ; free physical = 256 ; free virtual = 17234
Synthesis current peak Physical Memory [PSS] (MB): peak = 1314.238; parent = 1263.365; children = 80.088
Synthesis current peak Virtual Memory [VSS] (MB): peak = 2992.707; parent = 2266.574; children = 726.133
---------------------------------------------------------------------------------
Netlist sorting complete. Time (s): cpu = 00:00:00.03 ; elapsed = 00:00:00.05 . Memory (MB): peak = 2272.508 ; gain = 0.000 ; free physical = 120 ; free virtual = 17131
INFO: [Netlist 29-17] Analyzing 1 Unisim elements for replacement
INFO: [Netlist 29-28] Unisim Transformation completed in 0 CPU seconds
INFO: [Project 1-570] Preparing netlist for logic optimization

Processing XDC Constraints
Initializing timing engine
Completed Processing XDC Constraints

Netlist sorting complete. Time (s): cpu = 00:00:00 ; elapsed = 00:00:00.01 . Memory (MB): peak = 2417.281 ; gain = 0.000 ; free physical = 185 ; free virtual = 16794
INFO: [Project 1-111] Unisim Transformation Summary:
  A total of 1 instances were transformed.
  IOBUF => IOBUF (IBUF, OBUFT): 1 instance 

Constraint Validation Runtime : Time (s): cpu = 00:00:00.06 ; elapsed = 00:00:00.76 . Memory (MB): peak = 2417.281 ; gain = 0.000 ; free physical = 156 ; free virtual = 16685
INFO: [Designutils 20-5008] Incremental synthesis strategy off
INFO: [Synth 8-11241] undeclared symbol 'REGCCE', assumed default net type 'wire' [/home/ashraf/tools/Vivado/2022.2/data/verilog/src/unimacro/BRAM_SINGLE_MACRO.v:2170]
---------------------------------------------------------------------------------
Finished Constraint Validation : Time (s): cpu = 00:00:14 ; elapsed = 00:00:21 . Memory (MB): peak = 2417.281 ; gain = 617.293 ; free physical = 416 ; free virtual = 16724
Synthesis current peak Physical Memory [PSS] (MB): peak = 1360.667; parent = 1263.365; children = 176.829
Synthesis current peak Virtual Memory [VSS] (MB): peak = 3414.875; parent = 2401.277; children = 1013.598
---------------------------------------------------------------------------------
---------------------------------------------------------------------------------
Start Loading Part and Timing Information
---------------------------------------------------------------------------------
Loading part: xc7vx485tffg1761-2
---------------------------------------------------------------------------------
Finished Loading Part and Timing Information : Time (s): cpu = 00:00:14 ; elapsed = 00:00:21 . Memory (MB): peak = 2417.281 ; gain = 617.293 ; free physical = 416 ; free virtual = 16724
Synthesis current peak Physical Memory [PSS] (MB): peak = 1360.667; parent = 1263.365; children = 176.829
Synthesis current peak Virtual Memory [VSS] (MB): peak = 3414.875; parent = 2401.277; children = 1013.598
---------------------------------------------------------------------------------
---------------------------------------------------------------------------------
Start Applying 'set_property' XDC Constraints
---------------------------------------------------------------------------------
---------------------------------------------------------------------------------
Finished applying 'set_property' XDC Constraints : Time (s): cpu = 00:00:14 ; elapsed = 00:00:21 . Memory (MB): peak = 2417.281 ; gain = 617.293 ; free physical = 416 ; free virtual = 16724
Synthesis current peak Physical Memory [PSS] (MB): peak = 1360.667; parent = 1263.365; children = 176.829
Synthesis current peak Virtual Memory [VSS] (MB): peak = 3414.875; parent = 2401.277; children = 1013.598
---------------------------------------------------------------------------------
WARNING: [Synth 8-6014] Unused sequential element s_axi_rdata0 was removed.  [/home/ashraf/vivado-risc-v/ethernet/ethernet.v:311]
WARNING: [Synth 8-6014] Unused sequential element s_axi_rdata0 was removed.  [/home/ashraf/vivado-risc-v/ethernet/ethernet.v:307]
WARNING: [Synth 8-6014] Unused sequential element s_axi_rdata0 was removed.  [/home/ashraf/vivado-risc-v/ethernet/ethernet.v:306]
WARNING: [Synth 8-6014] Unused sequential element s_axi_rdata0 was removed.  [/home/ashraf/vivado-risc-v/ethernet/ethernet.v:303]
WARNING: [Synth 8-6014] Unused sequential element s_axi_rdata0 was removed.  [/home/ashraf/vivado-risc-v/ethernet/ethernet.v:301]
WARNING: [Synth 8-7032] RAM "rx_addr_reg" have possible Byte Write pattern, however the data width (34) is not multiple of supported byte widths of 8 or 9 .
WARNING: [Synth 8-7032] RAM "tx_addr_reg" have possible Byte Write pattern, however the data width (34) is not multiple of supported byte widths of 8 or 9 .
WARNING: [Synth 8-6014] Unused sequential element s_axi_rdata0_rep was removed.  [/home/ashraf/vivado-risc-v/ethernet/ethernet.v:301]
WARNING: [Synth 8-6014] Unused sequential element s_axi_rdata0_rep was removed.  [/home/ashraf/vivado-risc-v/ethernet/ethernet.v:301]
WARNING: [Synth 8-6014] Unused sequential element s_axi_rdata0_rep was removed.  [/home/ashraf/vivado-risc-v/ethernet/ethernet.v:301]
WARNING: [Synth 8-6014] Unused sequential element s_axi_rdata0_rep was removed.  [/home/ashraf/vivado-risc-v/ethernet/ethernet.v:301]
WARNING: [Synth 8-6014] Unused sequential element s_axi_rdata0_rep was removed.  [/home/ashraf/vivado-risc-v/ethernet/ethernet.v:301]
---------------------------------------------------------------------------------
Finished RTL Optimization Phase 2 : Time (s): cpu = 00:00:15 ; elapsed = 00:00:22 . Memory (MB): peak = 2417.281 ; gain = 617.293 ; free physical = 311 ; free virtual = 16647
Synthesis current peak Physical Memory [PSS] (MB): peak = 1360.667; parent = 1263.365; children = 176.829
Synthesis current peak Virtual Memory [VSS] (MB): peak = 3414.875; parent = 2401.277; children = 1013.598
---------------------------------------------------------------------------------
---------------------------------------------------------------------------------
Start RTL Component Statistics 
---------------------------------------------------------------------------------
Detailed RTL Component Info : 
+---Adders : 
	   2 Input   34 Bit       Adders := 2     
	   3 Input   34 Bit       Adders := 1     
	   2 Input   32 Bit       Adders := 1     
	   3 Input   16 Bit       Adders := 1     
	   2 Input   15 Bit       Adders := 1     
	   2 Input   14 Bit       Adders := 3     
	   3 Input   14 Bit       Adders := 1     
	   2 Input    6 Bit       Adders := 1     
	   2 Input    5 Bit       Adders := 2     
	   2 Input    4 Bit       Adders := 13    
	   3 Input    4 Bit       Adders := 2     
	   2 Input    3 Bit       Adders := 2     
	   2 Input    2 Bit       Adders := 3     
	   2 Input    1 Bit       Adders := 1     
+---Registers : 
	               34 Bit    Registers := 4     
	               32 Bit    Registers := 6     
	               14 Bit    Registers := 3     
	               12 Bit    Registers := 2     
	                8 Bit    Registers := 2     
	                6 Bit    Registers := 2     
	                5 Bit    Registers := 1     
	                4 Bit    Registers := 10    
	                3 Bit    Registers := 2     
	                2 Bit    Registers := 6     
	                1 Bit    Registers := 34    
+---RAMs : 
	              544 Bit	(16 X 34 bit)          RAMs := 2     
	              512 Bit	(16 X 32 bit)          RAMs := 2     
	              224 Bit	(16 X 14 bit)          RAMs := 3     
	               32 Bit	(16 X 2 bit)          RAMs := 1     
+---Muxes : 
	   2 Input   34 Bit        Muxes := 5     
	   3 Input   34 Bit        Muxes := 3     
	   2 Input   32 Bit        Muxes := 13    
	  13 Input   32 Bit        Muxes := 1     
	   3 Input   32 Bit        Muxes := 2     
	   5 Input   32 Bit        Muxes := 1     
	   2 Input   14 Bit        Muxes := 8     
	   7 Input    8 Bit        Muxes := 1     
	   8 Input    8 Bit        Muxes := 1     
	   4 Input    8 Bit        Muxes := 1     
	   2 Input    6 Bit        Muxes := 1     
	   2 Input    5 Bit        Muxes := 1     
	   2 Input    4 Bit        Muxes := 10    
	   2 Input    2 Bit        Muxes := 8     
	   2 Input    1 Bit        Muxes := 73    
	   4 Input    1 Bit        Muxes := 3     
	   3 Input    1 Bit        Muxes := 4     
	  10 Input    1 Bit        Muxes := 5     
	   9 Input    1 Bit        Muxes := 4     
---------------------------------------------------------------------------------
Finished RTL Component Statistics 
---------------------------------------------------------------------------------
---------------------------------------------------------------------------------
Start Part Resource Summary
---------------------------------------------------------------------------------
Part Resources:
DSPs: 2800 (col length:140)
BRAMs: 2060 (col length: RAMB18 140 RAMB36 70)
---------------------------------------------------------------------------------
Finished Part Resource Summary
---------------------------------------------------------------------------------
---------------------------------------------------------------------------------
Start Cross Boundary and Area Optimization
---------------------------------------------------------------------------------
WARNING: [Synth 8-7080] Parallel synthesis criteria is not met
WARNING: [Synth 8-7129] Port s_axi_awaddr[15] in module ethernet is either unconnected or has no load
WARNING: [Synth 8-7129] Port s_axi_awaddr[14] in module ethernet is either unconnected or has no load
WARNING: [Synth 8-7129] Port s_axi_awaddr[13] in module ethernet is either unconnected or has no load
WARNING: [Synth 8-7129] Port s_axi_awaddr[12] in module ethernet is either unconnected or has no load
WARNING: [Synth 8-7129] Port s_axi_araddr[15] in module ethernet is either unconnected or has no load
WARNING: [Synth 8-7129] Port s_axi_araddr[14] in module ethernet is either unconnected or has no load
WARNING: [Synth 8-7129] Port s_axi_araddr[13] in module ethernet is either unconnected or has no load
WARNING: [Synth 8-7129] Port s_axi_araddr[12] in module ethernet is either unconnected or has no load
---------------------------------------------------------------------------------
Finished Cross Boundary and Area Optimization : Time (s): cpu = 00:00:18 ; elapsed = 00:00:26 . Memory (MB): peak = 2417.281 ; gain = 617.293 ; free physical = 426 ; free virtual = 16787
Synthesis current peak Physical Memory [PSS] (MB): peak = 1360.667; parent = 1263.365; children = 176.829
Synthesis current peak Virtual Memory [VSS] (MB): peak = 3414.875; parent = 2401.277; children = 1013.598
---------------------------------------------------------------------------------
---------------------------------------------------------------------------------
Start ROM, RAM, DSP, Shift Register and Retiming Reporting
---------------------------------------------------------------------------------

Distributed RAM: Preliminary Mapping Report (see note below)
+-----------------+-----------------------+-----------+----------------------+----------------+
|Module Name      | RTL Object            | Inference | Size (Depth x Width) | Primitives     | 
+-----------------+-----------------------+-----------+----------------------+----------------+
|riscv_Ethernet_0 | inst/tx_addr_reg      | Implied   | 16 x 34              | RAM16X1D x 68  | 
|riscv_Ethernet_0 | inst/tx_size_reg      | Implied   | 16 x 14              | RAM32M x 6     | 
|riscv_Ethernet_0 | inst/rx_addr_reg      | Implied   | 16 x 34              | RAM16X1D x 68  | 
|riscv_Ethernet_0 | inst/rx_size_reg      | Implied   | 16 x 14              | RAM32M x 6     | 
|riscv_Ethernet_0 | inst/rx_status_reg    | Implied   | 16 x 2               | RAM16X1D x 2   | 
|riscv_Ethernet_0 | inst/rx_done_reg      | Implied   | 16 x 14              | RAM32M x 3     | 
|riscv_Ethernet_0 | inst/rx_burst_buf_reg | Implied   | 16 x 32              | RAM16X1D x 32  | 
|riscv_Ethernet_0 | inst/tx_burst_buf_reg | Implied   | 16 x 32              | RAM32M x 6     | 
+-----------------+-----------------------+-----------+----------------------+----------------+

Note: The table above is a preliminary report that shows the Distributed RAMs at the current stage of the synthesis flow. Some Distributed RAMs may be reimplemented as non Distributed RAM primitives later in the synthesis flow. Multiple instantiated RAMs are reported only once.
---------------------------------------------------------------------------------
Finished ROM, RAM, DSP, Shift Register and Retiming Reporting
---------------------------------------------------------------------------------
---------------------------------------------------------------------------------
Start Applying XDC Timing Constraints
---------------------------------------------------------------------------------
---------------------------------------------------------------------------------
Finished Applying XDC Timing Constraints : Time (s): cpu = 00:00:23 ; elapsed = 00:00:31 . Memory (MB): peak = 2417.281 ; gain = 617.293 ; free physical = 477 ; free virtual = 16909
Synthesis current peak Physical Memory [PSS] (MB): peak = 1459.246; parent = 1284.794; children = 176.829
Synthesis current peak Virtual Memory [VSS] (MB): peak = 3414.875; parent = 2401.277; children = 1013.598
---------------------------------------------------------------------------------
---------------------------------------------------------------------------------
Start Timing Optimization
---------------------------------------------------------------------------------
---------------------------------------------------------------------------------
Finished Timing Optimization : Time (s): cpu = 00:00:23 ; elapsed = 00:00:31 . Memory (MB): peak = 2417.281 ; gain = 617.293 ; free physical = 494 ; free virtual = 16902
Synthesis current peak Physical Memory [PSS] (MB): peak = 1459.442; parent = 1285.016; children = 176.829
Synthesis current peak Virtual Memory [VSS] (MB): peak = 3414.875; parent = 2401.277; children = 1013.598
---------------------------------------------------------------------------------
---------------------------------------------------------------------------------
Start ROM, RAM, DSP, Shift Register and Retiming Reporting
---------------------------------------------------------------------------------

Distributed RAM: Final Mapping Report
+-----------------+-----------------------+-----------+----------------------+----------------+
|Module Name      | RTL Object            | Inference | Size (Depth x Width) | Primitives     | 
+-----------------+-----------------------+-----------+----------------------+----------------+
|riscv_Ethernet_0 | inst/tx_addr_reg      | Implied   | 16 x 34              | RAM16X1D x 68  | 
|riscv_Ethernet_0 | inst/tx_size_reg      | Implied   | 16 x 14              | RAM32M x 6     | 
|riscv_Ethernet_0 | inst/rx_addr_reg      | Implied   | 16 x 34              | RAM16X1D x 68  | 
|riscv_Ethernet_0 | inst/rx_size_reg      | Implied   | 16 x 14              | RAM32M x 6     | 
|riscv_Ethernet_0 | inst/rx_status_reg    | Implied   | 16 x 2               | RAM16X1D x 2   | 
|riscv_Ethernet_0 | inst/rx_done_reg      | Implied   | 16 x 14              | RAM32M x 3     | 
|riscv_Ethernet_0 | inst/rx_burst_buf_reg | Implied   | 16 x 32              | RAM16X1D x 32  | 
|riscv_Ethernet_0 | inst/tx_burst_buf_reg | Implied   | 16 x 32              | RAM32M x 6     | 
+-----------------+-----------------------+-----------+----------------------+----------------+

---------------------------------------------------------------------------------
Finished ROM, RAM, DSP, Shift Register and Retiming Reporting
---------------------------------------------------------------------------------
---------------------------------------------------------------------------------
Start Technology Mapping
---------------------------------------------------------------------------------
---------------------------------------------------------------------------------
Finished Technology Mapping : Time (s): cpu = 00:00:23 ; elapsed = 00:00:31 . Memory (MB): peak = 2417.281 ; gain = 617.293 ; free physical = 458 ; free virtual = 16881
Synthesis current peak Physical Memory [PSS] (MB): peak = 1461.730; parent = 1287.314; children = 176.829
Synthesis current peak Virtual Memory [VSS] (MB): peak = 3414.875; parent = 2401.277; children = 1013.598
---------------------------------------------------------------------------------
---------------------------------------------------------------------------------
Start IO Insertion
---------------------------------------------------------------------------------
---------------------------------------------------------------------------------
Start Flattening Before IO Insertion
---------------------------------------------------------------------------------
---------------------------------------------------------------------------------
Finished Flattening Before IO Insertion
---------------------------------------------------------------------------------
---------------------------------------------------------------------------------
Start Final Netlist Cleanup
---------------------------------------------------------------------------------
---------------------------------------------------------------------------------
Finished Final Netlist Cleanup
---------------------------------------------------------------------------------
---------------------------------------------------------------------------------
Finished IO Insertion : Time (s): cpu = 00:00:27 ; elapsed = 00:00:35 . Memory (MB): peak = 2417.281 ; gain = 617.293 ; free physical = 390 ; free virtual = 16835
Synthesis current peak Physical Memory [PSS] (MB): peak = 1461.730; parent = 1287.314; children = 176.829
Synthesis current peak Virtual Memory [VSS] (MB): peak = 3414.875; parent = 2401.277; children = 1013.598
---------------------------------------------------------------------------------
---------------------------------------------------------------------------------
Start Renaming Generated Instances
---------------------------------------------------------------------------------
---------------------------------------------------------------------------------
Finished Renaming Generated Instances : Time (s): cpu = 00:00:27 ; elapsed = 00:00:35 . Memory (MB): peak = 2417.281 ; gain = 617.293 ; free physical = 383 ; free virtual = 16829
Synthesis current peak Physical Memory [PSS] (MB): peak = 1461.730; parent = 1287.314; children = 176.829
Synthesis current peak Virtual Memory [VSS] (MB): peak = 3414.875; parent = 2401.277; children = 1013.598
---------------------------------------------------------------------------------
---------------------------------------------------------------------------------
Start Rebuilding User Hierarchy
---------------------------------------------------------------------------------
---------------------------------------------------------------------------------
Finished Rebuilding User Hierarchy : Time (s): cpu = 00:00:27 ; elapsed = 00:00:35 . Memory (MB): peak = 2417.281 ; gain = 617.293 ; free physical = 366 ; free virtual = 16811
Synthesis current peak Physical Memory [PSS] (MB): peak = 1461.730; parent = 1287.314; children = 176.829
Synthesis current peak Virtual Memory [VSS] (MB): peak = 3414.875; parent = 2401.277; children = 1013.598
---------------------------------------------------------------------------------
---------------------------------------------------------------------------------
Start Renaming Generated Ports
---------------------------------------------------------------------------------
---------------------------------------------------------------------------------
Finished Renaming Generated Ports : Time (s): cpu = 00:00:27 ; elapsed = 00:00:35 . Memory (MB): peak = 2417.281 ; gain = 617.293 ; free physical = 362 ; free virtual = 16808
Synthesis current peak Physical Memory [PSS] (MB): peak = 1461.730; parent = 1287.314; children = 176.829
Synthesis current peak Virtual Memory [VSS] (MB): peak = 3414.875; parent = 2401.277; children = 1013.598
---------------------------------------------------------------------------------
---------------------------------------------------------------------------------
Start Handling Custom Attributes
---------------------------------------------------------------------------------
---------------------------------------------------------------------------------
Finished Handling Custom Attributes : Time (s): cpu = 00:00:27 ; elapsed = 00:00:35 . Memory (MB): peak = 2417.281 ; gain = 617.293 ; free physical = 358 ; free virtual = 16803
Synthesis current peak Physical Memory [PSS] (MB): peak = 1461.730; parent = 1287.314; children = 176.829
Synthesis current peak Virtual Memory [VSS] (MB): peak = 3414.875; parent = 2401.277; children = 1013.598
---------------------------------------------------------------------------------
---------------------------------------------------------------------------------
Start Renaming Generated Nets
---------------------------------------------------------------------------------
---------------------------------------------------------------------------------
Finished Renaming Generated Nets : Time (s): cpu = 00:00:27 ; elapsed = 00:00:35 . Memory (MB): peak = 2417.281 ; gain = 617.293 ; free physical = 354 ; free virtual = 16799
Synthesis current peak Physical Memory [PSS] (MB): peak = 1461.730; parent = 1287.314; children = 176.829
Synthesis current peak Virtual Memory [VSS] (MB): peak = 3414.875; parent = 2401.277; children = 1013.598
---------------------------------------------------------------------------------
---------------------------------------------------------------------------------
Start Writing Synthesis Report
---------------------------------------------------------------------------------

Report BlackBoxes: 
+-+--------------+----------+
| |BlackBox name |Instances |
+-+--------------+----------+
+-+--------------+----------+

Report Cell Usage: 
+------+---------+------+
|      |Cell     |Count |
+------+---------+------+
|1     |CARRY4   |    63|
|2     |LUT1     |    24|
|3     |LUT2     |   133|
|4     |LUT3     |   113|
|5     |LUT4     |    80|
|6     |LUT5     |   156|
|7     |LUT6     |   277|
|8     |MUXF7    |     2|
|9     |RAM16X1D |   170|
|10    |RAM32M   |    15|
|11    |RAM32X1D |    12|
|12    |FDRE     |   516|
|13    |FDSE     |     2|
|14    |IOBUF    |     1|
+------+---------+------+
---------------------------------------------------------------------------------
Finished Writing Synthesis Report : Time (s): cpu = 00:00:27 ; elapsed = 00:00:35 . Memory (MB): peak = 2417.281 ; gain = 617.293 ; free physical = 350 ; free virtual = 16796
Synthesis current peak Physical Memory [PSS] (MB): peak = 1461.730; parent = 1287.314; children = 176.829
Synthesis current peak Virtual Memory [VSS] (MB): peak = 3414.875; parent = 2401.277; children = 1013.598
---------------------------------------------------------------------------------
Synthesis finished with 0 errors, 0 critical warnings and 21 warnings.
Synthesis Optimization Runtime : Time (s): cpu = 00:00:23 ; elapsed = 00:00:28 . Memory (MB): peak = 2417.281 ; gain = 466.582 ; free physical = 406 ; free virtual = 16857
Synthesis Optimization Complete : Time (s): cpu = 00:00:27 ; elapsed = 00:00:35 . Memory (MB): peak = 2417.281 ; gain = 617.293 ; free physical = 421 ; free virtual = 16873
INFO: [Project 1-571] Translating synthesized netlist
Netlist sorting complete. Time (s): cpu = 00:00:00.02 ; elapsed = 00:00:00.02 . Memory (MB): peak = 2417.281 ; gain = 0.000 ; free physical = 451 ; free virtual = 16907
INFO: [Netlist 29-17] Analyzing 263 Unisim elements for replacement
INFO: [Netlist 29-28] Unisim Transformation completed in 0 CPU seconds
WARNING: [Netlist 29-101] Netlist 'riscv_Ethernet_0' is not ideal for floorplanning, since the cellview 'ethernet' contains a large number of primitives.  Please consider enabling hierarchy in synthesis if you want to do floorplanning.
INFO: [Project 1-570] Preparing netlist for logic optimization
INFO: [Opt 31-138] Pushed 0 inverter(s) to 0 load pin(s).
Netlist sorting complete. Time (s): cpu = 00:00:00 ; elapsed = 00:00:00 . Memory (MB): peak = 2417.281 ; gain = 0.000 ; free physical = 389 ; free virtual = 16913
INFO: [Project 1-111] Unisim Transformation Summary:
  A total of 198 instances were transformed.
  IOBUF => IOBUF (IBUF, OBUFT): 1 instance 
  RAM16X1D => RAM32X1D (RAMD32(x2)): 170 instances
  RAM32M => RAM32M (RAMD32(x6), RAMS32(x2)): 15 instances
  RAM32X1D => RAM32X1D (RAMD32(x2)): 12 instances

Synth Design complete, checksum: 745705b4
INFO: [Common 17-83] Releasing license: Synthesis
35 Infos, 30 Warnings, 0 Critical Warnings and 0 Errors encountered.
synth_design completed successfully
synth_design: Time (s): cpu = 00:00:40 ; elapsed = 00:00:48 . Memory (MB): peak = 2417.281 ; gain = 1085.008 ; free physical = 537 ; free virtual = 17063
INFO: [Common 17-1381] The checkpoint '/home/ashraf/vivado-risc-v/workspace/rocket64b1/vivado-vc707-riscv/vc707-riscv.runs/riscv_Ethernet_0_synth_1/riscv_Ethernet_0.dcp' has been generated.
INFO: [Coretcl 2-1648] Added synthesis output to IP cache for IP riscv_Ethernet_0, cache-ID = 4a86a1ce36b73367
INFO: [Common 17-1381] The checkpoint '/home/ashraf/vivado-risc-v/workspace/rocket64b1/vivado-vc707-riscv/vc707-riscv.runs/riscv_Ethernet_0_synth_1/riscv_Ethernet_0.dcp' has been generated.
INFO: [runtcl-4] Executing : report_utilization -file riscv_Ethernet_0_utilization_synth.rpt -pb riscv_Ethernet_0_utilization_synth.pb
INFO: [Common 17-206] Exiting Vivado at Sun Oct  6 10:33:30 2024...
