
*** Running vivado
    with args -log riscv_sys_diff_clock_buf_0.vds -m64 -product Vivado -mode batch -messageDb vivado.pb -notrace -source riscv_sys_diff_clock_buf_0.tcl


****** Vivado v2022.2 (64-bit)
  **** SW Build 3671981 on Fri Oct 14 04:59:54 MDT 2022
  **** IP Build 3669848 on Fri Oct 14 08:30:02 MDT 2022
    ** Copyright 1986-2022 Xilinx, Inc. All Rights Reserved.

source riscv_sys_diff_clock_buf_0.tcl -notrace
create_project: Time (s): cpu = 00:00:09 ; elapsed = 00:00:15 . Memory (MB): peak = 1320.621 ; gain = 0.023 ; free physical = 130 ; free virtual = 15279
INFO: [IP_Flow 19-6924] IPCACHE: Running cache check for IP inst: riscv_sys_diff_clock_buf_0
Command: synth_design -top riscv_sys_diff_clock_buf_0 -part xc7vx485tffg1761-2 -incremental_mode off -mode out_of_context
Starting synth_design
Attempting to get a license for feature 'Synthesis' and/or device 'xc7vx485t'
INFO: [Common 17-349] Got license for feature 'Synthesis' and/or device 'xc7vx485t'
INFO: [Device 21-403] Loading part xc7vx485tffg1761-2
INFO: [Synth 8-7079] Multithreading enabled for synth_design using a maximum of 4 processes.
INFO: [Synth 8-7078] Launching helper process for spawning children vivado processes
INFO: [Synth 8-7075] Helper process launched with PID 60244
INFO: [Synth 8-11241] undeclared symbol 'REGCCE', assumed default net type 'wire' [/home/ashraf/tools/Vivado/2022.2/data/verilog/src/unimacro/BRAM_SINGLE_MACRO.v:2170]
---------------------------------------------------------------------------------
Starting RTL Elaboration : Time (s): cpu = 00:00:04 ; elapsed = 00:00:28 . Memory (MB): peak = 2147.895 ; gain = 372.738 ; free physical = 139 ; free virtual = 11087
Synthesis current peak Physical Memory [PSS] (MB): peak = 984.075; parent = 912.414; children = 71.661
Synthesis current peak Virtual Memory [VSS] (MB): peak = 2876.492; parent = 2151.867; children = 724.625
---------------------------------------------------------------------------------
INFO: [Synth 8-638] synthesizing module 'riscv_sys_diff_clock_buf_0' [/home/ashraf/vivado-risc-v/workspace/rocket64b1/vivado-vc707-riscv/vc707-riscv.gen/sources_1/bd/riscv/ip/riscv_sys_diff_clock_buf_0/synth/riscv_sys_diff_clock_buf_0.vhd:64]
	Parameter C_BUF_TYPE bound to: IBUFDS - type: string 
	Parameter C_SIZE bound to: 1 - type: integer 
	Parameter C_BUFGCE_DIV bound to: 1 - type: integer 
	Parameter C_BUFG_GT_SYNC bound to: 0 - type: integer 
	Parameter C_SIM_DEVICE bound to: VERSAL_AI_CORE_ES1 - type: string 
	Parameter C_OBUFDS_GTE5_ADV bound to: 2'b00 
	Parameter C_REFCLK_ICNTL_TX bound to: 5'b00000 
INFO: [Synth 8-3491] module 'util_ds_buf' declared at '/home/ashraf/vivado-risc-v/workspace/rocket64b1/vivado-vc707-riscv/vc707-riscv.gen/sources_1/bd/riscv/ip/riscv_sys_diff_clock_buf_0/util_ds_buf.vhd:72' bound to instance 'U0' of component 'util_ds_buf' [/home/ashraf/vivado-risc-v/workspace/rocket64b1/vivado-vc707-riscv/vc707-riscv.gen/sources_1/bd/riscv/ip/riscv_sys_diff_clock_buf_0/synth/riscv_sys_diff_clock_buf_0.vhd:201]
INFO: [Synth 8-638] synthesizing module 'util_ds_buf' [/home/ashraf/vivado-risc-v/workspace/rocket64b1/vivado-vc707-riscv/vc707-riscv.gen/sources_1/bd/riscv/ip/riscv_sys_diff_clock_buf_0/util_ds_buf.vhd:251]
INFO: [Synth 8-113] binding component instance 'IBUFDS_I' to cell 'IBUFDS' [/home/ashraf/vivado-risc-v/workspace/rocket64b1/vivado-vc707-riscv/vc707-riscv.gen/sources_1/bd/riscv/ip/riscv_sys_diff_clock_buf_0/util_ds_buf.vhd:376]
INFO: [Synth 8-256] done synthesizing module 'util_ds_buf' (0#1) [/home/ashraf/vivado-risc-v/workspace/rocket64b1/vivado-vc707-riscv/vc707-riscv.gen/sources_1/bd/riscv/ip/riscv_sys_diff_clock_buf_0/util_ds_buf.vhd:251]
INFO: [Synth 8-256] done synthesizing module 'riscv_sys_diff_clock_buf_0' (0#1) [/home/ashraf/vivado-risc-v/workspace/rocket64b1/vivado-vc707-riscv/vc707-riscv.gen/sources_1/bd/riscv/ip/riscv_sys_diff_clock_buf_0/synth/riscv_sys_diff_clock_buf_0.vhd:64]
WARNING: [Synth 8-3848] Net BUFG_O in module/entity util_ds_buf does not have driver. [/home/ashraf/vivado-risc-v/workspace/rocket64b1/vivado-vc707-riscv/vc707-riscv.gen/sources_1/bd/riscv/ip/riscv_sys_diff_clock_buf_0/util_ds_buf.vhd:109]
WARNING: [Synth 8-3848] Net BUFGCE_O in module/entity util_ds_buf does not have driver. [/home/ashraf/vivado-risc-v/workspace/rocket64b1/vivado-vc707-riscv/vc707-riscv.gen/sources_1/bd/riscv/ip/riscv_sys_diff_clock_buf_0/util_ds_buf.vhd:114]
WARNING: [Synth 8-3848] Net BUFH_O in module/entity util_ds_buf does not have driver. [/home/ashraf/vivado-risc-v/workspace/rocket64b1/vivado-vc707-riscv/vc707-riscv.gen/sources_1/bd/riscv/ip/riscv_sys_diff_clock_buf_0/util_ds_buf.vhd:119]
WARNING: [Synth 8-3848] Net BUFHCE_O in module/entity util_ds_buf does not have driver. [/home/ashraf/vivado-risc-v/workspace/rocket64b1/vivado-vc707-riscv/vc707-riscv.gen/sources_1/bd/riscv/ip/riscv_sys_diff_clock_buf_0/util_ds_buf.vhd:124]
WARNING: [Synth 8-3848] Net BUFG_FABRIC_O in module/entity util_ds_buf does not have driver. [/home/ashraf/vivado-risc-v/workspace/rocket64b1/vivado-vc707-riscv/vc707-riscv.gen/sources_1/bd/riscv/ip/riscv_sys_diff_clock_buf_0/util_ds_buf.vhd:128]
WARNING: [Synth 8-3848] Net OBUFDS_GTE5_O in module/entity util_ds_buf does not have driver. [/home/ashraf/vivado-risc-v/workspace/rocket64b1/vivado-vc707-riscv/vc707-riscv.gen/sources_1/bd/riscv/ip/riscv_sys_diff_clock_buf_0/util_ds_buf.vhd:133]
WARNING: [Synth 8-3848] Net OBUFDS_GTE5_OB in module/entity util_ds_buf does not have driver. [/home/ashraf/vivado-risc-v/workspace/rocket64b1/vivado-vc707-riscv/vc707-riscv.gen/sources_1/bd/riscv/ip/riscv_sys_diff_clock_buf_0/util_ds_buf.vhd:134]
WARNING: [Synth 8-3848] Net OBUFDS_GTE5_ADV_O in module/entity util_ds_buf does not have driver. [/home/ashraf/vivado-risc-v/workspace/rocket64b1/vivado-vc707-riscv/vc707-riscv.gen/sources_1/bd/riscv/ip/riscv_sys_diff_clock_buf_0/util_ds_buf.vhd:139]
WARNING: [Synth 8-3848] Net OBUFDS_GTE5_ADV_OB in module/entity util_ds_buf does not have driver. [/home/ashraf/vivado-risc-v/workspace/rocket64b1/vivado-vc707-riscv/vc707-riscv.gen/sources_1/bd/riscv/ip/riscv_sys_diff_clock_buf_0/util_ds_buf.vhd:140]
WARNING: [Synth 8-3848] Net OBUFDS_GTE3_O in module/entity util_ds_buf does not have driver. [/home/ashraf/vivado-risc-v/workspace/rocket64b1/vivado-vc707-riscv/vc707-riscv.gen/sources_1/bd/riscv/ip/riscv_sys_diff_clock_buf_0/util_ds_buf.vhd:146]
WARNING: [Synth 8-3848] Net OBUFDS_GTE3_OB in module/entity util_ds_buf does not have driver. [/home/ashraf/vivado-risc-v/workspace/rocket64b1/vivado-vc707-riscv/vc707-riscv.gen/sources_1/bd/riscv/ip/riscv_sys_diff_clock_buf_0/util_ds_buf.vhd:147]
WARNING: [Synth 8-3848] Net OBUFDS_GTE3_ADV_O in module/entity util_ds_buf does not have driver. [/home/ashraf/vivado-risc-v/workspace/rocket64b1/vivado-vc707-riscv/vc707-riscv.gen/sources_1/bd/riscv/ip/riscv_sys_diff_clock_buf_0/util_ds_buf.vhd:152]
WARNING: [Synth 8-3848] Net OBUFDS_GTE3_ADV_OB in module/entity util_ds_buf does not have driver. [/home/ashraf/vivado-risc-v/workspace/rocket64b1/vivado-vc707-riscv/vc707-riscv.gen/sources_1/bd/riscv/ip/riscv_sys_diff_clock_buf_0/util_ds_buf.vhd:153]
WARNING: [Synth 8-3848] Net OBUFDS_GTE4_O in module/entity util_ds_buf does not have driver. [/home/ashraf/vivado-risc-v/workspace/rocket64b1/vivado-vc707-riscv/vc707-riscv.gen/sources_1/bd/riscv/ip/riscv_sys_diff_clock_buf_0/util_ds_buf.vhd:159]
WARNING: [Synth 8-3848] Net OBUFDS_GTE4_OB in module/entity util_ds_buf does not have driver. [/home/ashraf/vivado-risc-v/workspace/rocket64b1/vivado-vc707-riscv/vc707-riscv.gen/sources_1/bd/riscv/ip/riscv_sys_diff_clock_buf_0/util_ds_buf.vhd:160]
WARNING: [Synth 8-3848] Net OBUFDS_GTE4_ADV_O in module/entity util_ds_buf does not have driver. [/home/ashraf/vivado-risc-v/workspace/rocket64b1/vivado-vc707-riscv/vc707-riscv.gen/sources_1/bd/riscv/ip/riscv_sys_diff_clock_buf_0/util_ds_buf.vhd:165]
WARNING: [Synth 8-3848] Net OBUFDS_GTE4_ADV_OB in module/entity util_ds_buf does not have driver. [/home/ashraf/vivado-risc-v/workspace/rocket64b1/vivado-vc707-riscv/vc707-riscv.gen/sources_1/bd/riscv/ip/riscv_sys_diff_clock_buf_0/util_ds_buf.vhd:166]
WARNING: [Synth 8-3848] Net IBUFDS_GTM_O in module/entity util_ds_buf does not have driver. [/home/ashraf/vivado-risc-v/workspace/rocket64b1/vivado-vc707-riscv/vc707-riscv.gen/sources_1/bd/riscv/ip/riscv_sys_diff_clock_buf_0/util_ds_buf.vhd:170]
WARNING: [Synth 8-3848] Net IBUFDS_GTM_ODIV2 in module/entity util_ds_buf does not have driver. [/home/ashraf/vivado-risc-v/workspace/rocket64b1/vivado-vc707-riscv/vc707-riscv.gen/sources_1/bd/riscv/ip/riscv_sys_diff_clock_buf_0/util_ds_buf.vhd:171]
WARNING: [Synth 8-3848] Net OBUFDS_GTM_O in module/entity util_ds_buf does not have driver. [/home/ashraf/vivado-risc-v/workspace/rocket64b1/vivado-vc707-riscv/vc707-riscv.gen/sources_1/bd/riscv/ip/riscv_sys_diff_clock_buf_0/util_ds_buf.vhd:177]
WARNING: [Synth 8-3848] Net OBUFDS_GTM_OB in module/entity util_ds_buf does not have driver. [/home/ashraf/vivado-risc-v/workspace/rocket64b1/vivado-vc707-riscv/vc707-riscv.gen/sources_1/bd/riscv/ip/riscv_sys_diff_clock_buf_0/util_ds_buf.vhd:178]
WARNING: [Synth 8-3848] Net OBUFDS_GTM_ADV_O in module/entity util_ds_buf does not have driver. [/home/ashraf/vivado-risc-v/workspace/rocket64b1/vivado-vc707-riscv/vc707-riscv.gen/sources_1/bd/riscv/ip/riscv_sys_diff_clock_buf_0/util_ds_buf.vhd:185]
WARNING: [Synth 8-3848] Net OBUFDS_GTM_ADV_OB in module/entity util_ds_buf does not have driver. [/home/ashraf/vivado-risc-v/workspace/rocket64b1/vivado-vc707-riscv/vc707-riscv.gen/sources_1/bd/riscv/ip/riscv_sys_diff_clock_buf_0/util_ds_buf.vhd:186]
WARNING: [Synth 8-3848] Net IBUFDS_GTME5_O in module/entity util_ds_buf does not have driver. [/home/ashraf/vivado-risc-v/workspace/rocket64b1/vivado-vc707-riscv/vc707-riscv.gen/sources_1/bd/riscv/ip/riscv_sys_diff_clock_buf_0/util_ds_buf.vhd:189]
WARNING: [Synth 8-3848] Net IBUFDS_GTME5_ODIV2 in module/entity util_ds_buf does not have driver. [/home/ashraf/vivado-risc-v/workspace/rocket64b1/vivado-vc707-riscv/vc707-riscv.gen/sources_1/bd/riscv/ip/riscv_sys_diff_clock_buf_0/util_ds_buf.vhd:190]
WARNING: [Synth 8-3848] Net OBUFDS_GTME5_O in module/entity util_ds_buf does not have driver. [/home/ashraf/vivado-risc-v/workspace/rocket64b1/vivado-vc707-riscv/vc707-riscv.gen/sources_1/bd/riscv/ip/riscv_sys_diff_clock_buf_0/util_ds_buf.vhd:198]
WARNING: [Synth 8-3848] Net OBUFDS_GTME5_OB in module/entity util_ds_buf does not have driver. [/home/ashraf/vivado-risc-v/workspace/rocket64b1/vivado-vc707-riscv/vc707-riscv.gen/sources_1/bd/riscv/ip/riscv_sys_diff_clock_buf_0/util_ds_buf.vhd:199]
WARNING: [Synth 8-3848] Net OBUFDS_GTME5_ADV_O in module/entity util_ds_buf does not have driver. [/home/ashraf/vivado-risc-v/workspace/rocket64b1/vivado-vc707-riscv/vc707-riscv.gen/sources_1/bd/riscv/ip/riscv_sys_diff_clock_buf_0/util_ds_buf.vhd:205]
WARNING: [Synth 8-3848] Net OBUFDS_GTME5_ADV_OB in module/entity util_ds_buf does not have driver. [/home/ashraf/vivado-risc-v/workspace/rocket64b1/vivado-vc707-riscv/vc707-riscv.gen/sources_1/bd/riscv/ip/riscv_sys_diff_clock_buf_0/util_ds_buf.vhd:206]
WARNING: [Synth 8-3848] Net BUFG_GT_O in module/entity util_ds_buf does not have driver. [/home/ashraf/vivado-risc-v/workspace/rocket64b1/vivado-vc707-riscv/vc707-riscv.gen/sources_1/bd/riscv/ip/riscv_sys_diff_clock_buf_0/util_ds_buf.vhd:216]
WARNING: [Synth 8-3848] Net BUFG_PS_O in module/entity util_ds_buf does not have driver. [/home/ashraf/vivado-risc-v/workspace/rocket64b1/vivado-vc707-riscv/vc707-riscv.gen/sources_1/bd/riscv/ip/riscv_sys_diff_clock_buf_0/util_ds_buf.vhd:220]
WARNING: [Synth 8-3848] Net MBUFG_GT_O1 in module/entity util_ds_buf does not have driver. [/home/ashraf/vivado-risc-v/workspace/rocket64b1/vivado-vc707-riscv/vc707-riscv.gen/sources_1/bd/riscv/ip/riscv_sys_diff_clock_buf_0/util_ds_buf.vhd:232]
WARNING: [Synth 8-3848] Net MBUFG_GT_O2 in module/entity util_ds_buf does not have driver. [/home/ashraf/vivado-risc-v/workspace/rocket64b1/vivado-vc707-riscv/vc707-riscv.gen/sources_1/bd/riscv/ip/riscv_sys_diff_clock_buf_0/util_ds_buf.vhd:233]
WARNING: [Synth 8-3848] Net MBUFG_GT_O3 in module/entity util_ds_buf does not have driver. [/home/ashraf/vivado-risc-v/workspace/rocket64b1/vivado-vc707-riscv/vc707-riscv.gen/sources_1/bd/riscv/ip/riscv_sys_diff_clock_buf_0/util_ds_buf.vhd:234]
WARNING: [Synth 8-3848] Net MBUFG_GT_O4 in module/entity util_ds_buf does not have driver. [/home/ashraf/vivado-risc-v/workspace/rocket64b1/vivado-vc707-riscv/vc707-riscv.gen/sources_1/bd/riscv/ip/riscv_sys_diff_clock_buf_0/util_ds_buf.vhd:235]
WARNING: [Synth 8-3848] Net MBUFG_PS_O1 in module/entity util_ds_buf does not have driver. [/home/ashraf/vivado-risc-v/workspace/rocket64b1/vivado-vc707-riscv/vc707-riscv.gen/sources_1/bd/riscv/ip/riscv_sys_diff_clock_buf_0/util_ds_buf.vhd:240]
WARNING: [Synth 8-3848] Net MBUFG_PS_O2 in module/entity util_ds_buf does not have driver. [/home/ashraf/vivado-risc-v/workspace/rocket64b1/vivado-vc707-riscv/vc707-riscv.gen/sources_1/bd/riscv/ip/riscv_sys_diff_clock_buf_0/util_ds_buf.vhd:241]
WARNING: [Synth 8-3848] Net MBUFG_PS_O3 in module/entity util_ds_buf does not have driver. [/home/ashraf/vivado-risc-v/workspace/rocket64b1/vivado-vc707-riscv/vc707-riscv.gen/sources_1/bd/riscv/ip/riscv_sys_diff_clock_buf_0/util_ds_buf.vhd:242]
WARNING: [Synth 8-3848] Net MBUFG_PS_O4 in module/entity util_ds_buf does not have driver. [/home/ashraf/vivado-risc-v/workspace/rocket64b1/vivado-vc707-riscv/vc707-riscv.gen/sources_1/bd/riscv/ip/riscv_sys_diff_clock_buf_0/util_ds_buf.vhd:243]
WARNING: [Synth 8-7129] Port BUFG_O[0] in module util_ds_buf is either unconnected or has no load
WARNING: [Synth 8-7129] Port BUFGCE_O[0] in module util_ds_buf is either unconnected or has no load
WARNING: [Synth 8-7129] Port BUFH_O[0] in module util_ds_buf is either unconnected or has no load
WARNING: [Synth 8-7129] Port BUFHCE_O[0] in module util_ds_buf is either unconnected or has no load
WARNING: [Synth 8-7129] Port BUFG_FABRIC_O[0] in module util_ds_buf is either unconnected or has no load
WARNING: [Synth 8-7129] Port OBUFDS_GTE5_O[0] in module util_ds_buf is either unconnected or has no load
WARNING: [Synth 8-7129] Port OBUFDS_GTE5_OB[0] in module util_ds_buf is either unconnected or has no load
WARNING: [Synth 8-7129] Port OBUFDS_GTE5_ADV_O[0] in module util_ds_buf is either unconnected or has no load
WARNING: [Synth 8-7129] Port OBUFDS_GTE5_ADV_OB[0] in module util_ds_buf is either unconnected or has no load
WARNING: [Synth 8-7129] Port OBUFDS_GTE3_O[0] in module util_ds_buf is either unconnected or has no load
WARNING: [Synth 8-7129] Port OBUFDS_GTE3_OB[0] in module util_ds_buf is either unconnected or has no load
WARNING: [Synth 8-7129] Port OBUFDS_GTE3_ADV_O[0] in module util_ds_buf is either unconnected or has no load
WARNING: [Synth 8-7129] Port OBUFDS_GTE3_ADV_OB[0] in module util_ds_buf is either unconnected or has no load
WARNING: [Synth 8-7129] Port OBUFDS_GTE4_O[0] in module util_ds_buf is either unconnected or has no load
WARNING: [Synth 8-7129] Port OBUFDS_GTE4_OB[0] in module util_ds_buf is either unconnected or has no load
WARNING: [Synth 8-7129] Port OBUFDS_GTE4_ADV_O[0] in module util_ds_buf is either unconnected or has no load
WARNING: [Synth 8-7129] Port OBUFDS_GTE4_ADV_OB[0] in module util_ds_buf is either unconnected or has no load
WARNING: [Synth 8-7129] Port IBUFDS_GTM_O[0] in module util_ds_buf is either unconnected or has no load
WARNING: [Synth 8-7129] Port IBUFDS_GTM_ODIV2[0] in module util_ds_buf is either unconnected or has no load
WARNING: [Synth 8-7129] Port OBUFDS_GTM_O[0] in module util_ds_buf is either unconnected or has no load
WARNING: [Synth 8-7129] Port OBUFDS_GTM_OB[0] in module util_ds_buf is either unconnected or has no load
WARNING: [Synth 8-7129] Port OBUFDS_GTM_ADV_O[0] in module util_ds_buf is either unconnected or has no load
WARNING: [Synth 8-7129] Port OBUFDS_GTM_ADV_OB[0] in module util_ds_buf is either unconnected or has no load
WARNING: [Synth 8-7129] Port IBUFDS_GTME5_O[0] in module util_ds_buf is either unconnected or has no load
WARNING: [Synth 8-7129] Port IBUFDS_GTME5_ODIV2[0] in module util_ds_buf is either unconnected or has no load
WARNING: [Synth 8-7129] Port OBUFDS_GTME5_O[0] in module util_ds_buf is either unconnected or has no load
WARNING: [Synth 8-7129] Port OBUFDS_GTME5_OB[0] in module util_ds_buf is either unconnected or has no load
WARNING: [Synth 8-7129] Port OBUFDS_GTME5_ADV_O[0] in module util_ds_buf is either unconnected or has no load
WARNING: [Synth 8-7129] Port OBUFDS_GTME5_ADV_OB[0] in module util_ds_buf is either unconnected or has no load
WARNING: [Synth 8-7129] Port BUFG_GT_O[0] in module util_ds_buf is either unconnected or has no load
WARNING: [Synth 8-7129] Port BUFG_PS_O[0] in module util_ds_buf is either unconnected or has no load
WARNING: [Synth 8-7129] Port MBUFG_GT_O1[0] in module util_ds_buf is either unconnected or has no load
WARNING: [Synth 8-7129] Port MBUFG_GT_O2[0] in module util_ds_buf is either unconnected or has no load
WARNING: [Synth 8-7129] Port MBUFG_GT_O3[0] in module util_ds_buf is either unconnected or has no load
WARNING: [Synth 8-7129] Port MBUFG_GT_O4[0] in module util_ds_buf is either unconnected or has no load
WARNING: [Synth 8-7129] Port MBUFG_PS_O1[0] in module util_ds_buf is either unconnected or has no load
WARNING: [Synth 8-7129] Port MBUFG_PS_O2[0] in module util_ds_buf is either unconnected or has no load
WARNING: [Synth 8-7129] Port MBUFG_PS_O3[0] in module util_ds_buf is either unconnected or has no load
WARNING: [Synth 8-7129] Port MBUFG_PS_O4[0] in module util_ds_buf is either unconnected or has no load
WARNING: [Synth 8-7129] Port IOBUF_IO_IO[0] in module util_ds_buf is either unconnected or has no load
WARNING: [Synth 8-7129] Port IBUF_DS_CEB[0] in module util_ds_buf is either unconnected or has no load
WARNING: [Synth 8-7129] Port OBUF_IN[0] in module util_ds_buf is either unconnected or has no load
WARNING: [Synth 8-7129] Port IOBUF_IO_T[0] in module util_ds_buf is either unconnected or has no load
WARNING: [Synth 8-7129] Port IOBUF_IO_I[0] in module util_ds_buf is either unconnected or has no load
WARNING: [Synth 8-7129] Port BUFG_I[0] in module util_ds_buf is either unconnected or has no load
WARNING: [Synth 8-7129] Port BUFGCE_I[0] in module util_ds_buf is either unconnected or has no load
WARNING: [Synth 8-7129] Port BUFGCE_CE[0] in module util_ds_buf is either unconnected or has no load
WARNING: [Synth 8-7129] Port BUFGCE_CLR[0] in module util_ds_buf is either unconnected or has no load
WARNING: [Synth 8-7129] Port BUFH_I[0] in module util_ds_buf is either unconnected or has no load
WARNING: [Synth 8-7129] Port BUFHCE_I[0] in module util_ds_buf is either unconnected or has no load
WARNING: [Synth 8-7129] Port BUFHCE_CE[0] in module util_ds_buf is either unconnected or has no load
WARNING: [Synth 8-7129] Port BUFG_FABRIC_I[0] in module util_ds_buf is either unconnected or has no load
WARNING: [Synth 8-7129] Port OBUFDS_GTE5_CEB[0] in module util_ds_buf is either unconnected or has no load
WARNING: [Synth 8-7129] Port OBUFDS_GTE5_I[0] in module util_ds_buf is either unconnected or has no load
WARNING: [Synth 8-7129] Port OBUFDS_GTE5_ADV_CEB[0] in module util_ds_buf is either unconnected or has no load
WARNING: [Synth 8-7129] Port OBUFDS_GTE5_ADV_I[3] in module util_ds_buf is either unconnected or has no load
WARNING: [Synth 8-7129] Port OBUFDS_GTE5_ADV_I[2] in module util_ds_buf is either unconnected or has no load
WARNING: [Synth 8-7129] Port OBUFDS_GTE5_ADV_I[1] in module util_ds_buf is either unconnected or has no load
WARNING: [Synth 8-7129] Port OBUFDS_GTE5_ADV_I[0] in module util_ds_buf is either unconnected or has no load
WARNING: [Synth 8-7129] Port OBUFDS_GTE5_ADV_RXRECCLKSEL[1] in module util_ds_buf is either unconnected or has no load
WARNING: [Synth 8-7129] Port OBUFDS_GTE5_ADV_RXRECCLKSEL[0] in module util_ds_buf is either unconnected or has no load
WARNING: [Synth 8-7129] Port OBUFDS_GTE3_CEB[0] in module util_ds_buf is either unconnected or has no load
WARNING: [Synth 8-7129] Port OBUFDS_GTE3_I[0] in module util_ds_buf is either unconnected or has no load
WARNING: [Synth 8-7129] Port OBUFDS_GTE3_ADV_CEB[0] in module util_ds_buf is either unconnected or has no load
WARNING: [Synth 8-7129] Port OBUFDS_GTE3_ADV_I[3] in module util_ds_buf is either unconnected or has no load
WARNING: [Synth 8-7129] Port OBUFDS_GTE3_ADV_I[2] in module util_ds_buf is either unconnected or has no load
WARNING: [Synth 8-7129] Port OBUFDS_GTE3_ADV_I[1] in module util_ds_buf is either unconnected or has no load
WARNING: [Synth 8-7129] Port OBUFDS_GTE3_ADV_I[0] in module util_ds_buf is either unconnected or has no load
WARNING: [Synth 8-7129] Port RXRECCLK_SEL_GTE3_ADV[1] in module util_ds_buf is either unconnected or has no load
WARNING: [Synth 8-7129] Port RXRECCLK_SEL_GTE3_ADV[0] in module util_ds_buf is either unconnected or has no load
WARNING: [Synth 8-7129] Port OBUFDS_GTE4_CEB[0] in module util_ds_buf is either unconnected or has no load
WARNING: [Synth 8-7129] Port OBUFDS_GTE4_I[0] in module util_ds_buf is either unconnected or has no load
WARNING: [Synth 8-7129] Port OBUFDS_GTE4_ADV_CEB[0] in module util_ds_buf is either unconnected or has no load
WARNING: [Synth 8-7129] Port OBUFDS_GTE4_ADV_I[3] in module util_ds_buf is either unconnected or has no load
WARNING: [Synth 8-7129] Port OBUFDS_GTE4_ADV_I[2] in module util_ds_buf is either unconnected or has no load
WARNING: [Synth 8-7129] Port OBUFDS_GTE4_ADV_I[1] in module util_ds_buf is either unconnected or has no load
WARNING: [Synth 8-7129] Port OBUFDS_GTE4_ADV_I[0] in module util_ds_buf is either unconnected or has no load
WARNING: [Synth 8-7129] Port RXRECCLK_SEL_GTE4_ADV[1] in module util_ds_buf is either unconnected or has no load
WARNING: [Synth 8-7129] Port RXRECCLK_SEL_GTE4_ADV[0] in module util_ds_buf is either unconnected or has no load
WARNING: [Synth 8-7129] Port IBUFDS_GTM_CEB[0] in module util_ds_buf is either unconnected or has no load
WARNING: [Synth 8-7129] Port IBUFDS_GTM_I[0] in module util_ds_buf is either unconnected or has no load
WARNING: [Synth 8-7129] Port IBUFDS_GTM_IB[0] in module util_ds_buf is either unconnected or has no load
WARNING: [Synth 8-7129] Port OBUFDS_GTM_CEB[0] in module util_ds_buf is either unconnected or has no load
WARNING: [Synth 8-7129] Port OBUFDS_GTM_I[0] in module util_ds_buf is either unconnected or has no load
WARNING: [Synth 8-7129] Port OBUFDS_GTM_ADV_CEB[0] in module util_ds_buf is either unconnected or has no load
WARNING: [Synth 8-7129] Port OBUFDS_GTM_ADV_I[3] in module util_ds_buf is either unconnected or has no load
WARNING: [Synth 8-7129] Port OBUFDS_GTM_ADV_I[2] in module util_ds_buf is either unconnected or has no load
WARNING: [Synth 8-7129] Port OBUFDS_GTM_ADV_I[1] in module util_ds_buf is either unconnected or has no load
WARNING: [Synth 8-7129] Port OBUFDS_GTM_ADV_I[0] in module util_ds_buf is either unconnected or has no load
WARNING: [Synth 8-7129] Port IBUFDS_GTME5_CEB[0] in module util_ds_buf is either unconnected or has no load
WARNING: [Synth 8-7129] Port IBUFDS_GTME5_I[0] in module util_ds_buf is either unconnected or has no load
WARNING: [Synth 8-7129] Port IBUFDS_GTME5_IB[0] in module util_ds_buf is either unconnected or has no load
WARNING: [Synth 8-7129] Port OBUFDS_GTME5_CEB[0] in module util_ds_buf is either unconnected or has no load
WARNING: [Synth 8-7129] Port OBUFDS_GTME5_I[0] in module util_ds_buf is either unconnected or has no load
WARNING: [Synth 8-7129] Port OBUFDS_GTME5_ADV_CEB[0] in module util_ds_buf is either unconnected or has no load
WARNING: [Synth 8-7129] Port OBUFDS_GTME5_ADV_I[3] in module util_ds_buf is either unconnected or has no load
WARNING: [Synth 8-7129] Port OBUFDS_GTME5_ADV_I[2] in module util_ds_buf is either unconnected or has no load
WARNING: [Synth 8-7129] Port OBUFDS_GTME5_ADV_I[1] in module util_ds_buf is either unconnected or has no load
WARNING: [Synth 8-7129] Port OBUFDS_GTME5_ADV_I[0] in module util_ds_buf is either unconnected or has no load
WARNING: [Synth 8-7129] Port OBUFDS_GTME5_ADV_RXRECCLKSEL[1] in module util_ds_buf is either unconnected or has no load
INFO: [Common 17-14] Message 'Synth 8-7129' appears 100 times and further instances of the messages will be disabled. Use the Tcl command set_msg_config to change the current settings.
---------------------------------------------------------------------------------
Finished RTL Elaboration : Time (s): cpu = 00:00:05 ; elapsed = 00:00:32 . Memory (MB): peak = 2218.832 ; gain = 443.676 ; free physical = 472 ; free virtual = 11214
Synthesis current peak Physical Memory [PSS] (MB): peak = 1064.209; parent = 972.027; children = 116.236
Synthesis current peak Virtual Memory [VSS] (MB): peak = 2959.688; parent = 2218.836; children = 740.852
---------------------------------------------------------------------------------
---------------------------------------------------------------------------------
Start Handling Custom Attributes
---------------------------------------------------------------------------------
---------------------------------------------------------------------------------
Finished Handling Custom Attributes : Time (s): cpu = 00:00:06 ; elapsed = 00:00:32 . Memory (MB): peak = 2233.676 ; gain = 458.520 ; free physical = 456 ; free virtual = 11211
Synthesis current peak Physical Memory [PSS] (MB): peak = 1064.209; parent = 972.027; children = 120.907
Synthesis current peak Virtual Memory [VSS] (MB): peak = 2974.531; parent = 2233.680; children = 740.852
---------------------------------------------------------------------------------
---------------------------------------------------------------------------------
Finished RTL Optimization Phase 1 : Time (s): cpu = 00:00:06 ; elapsed = 00:00:32 . Memory (MB): peak = 2233.676 ; gain = 458.520 ; free physical = 454 ; free virtual = 11211
Synthesis current peak Physical Memory [PSS] (MB): peak = 1064.209; parent = 972.027; children = 121.615
Synthesis current peak Virtual Memory [VSS] (MB): peak = 2974.531; parent = 2233.680; children = 740.852
---------------------------------------------------------------------------------
Netlist sorting complete. Time (s): cpu = 00:00:00 ; elapsed = 00:00:00.01 . Memory (MB): peak = 2239.613 ; gain = 0.000 ; free physical = 396 ; free virtual = 11174
INFO: [Netlist 29-17] Analyzing 1 Unisim elements for replacement
INFO: [Netlist 29-28] Unisim Transformation completed in 0 CPU seconds
WARNING: [Netlist 29-1115] Found multi-term driver net: U0/<const0>.
INFO: [Project 1-570] Preparing netlist for logic optimization

Processing XDC Constraints
Initializing timing engine
Parsing XDC File [/home/ashraf/vivado-risc-v/workspace/rocket64b1/vivado-vc707-riscv/vc707-riscv.gen/sources_1/bd/riscv/ip/riscv_sys_diff_clock_buf_0/riscv_sys_diff_clock_buf_0_ooc.xdc] for cell 'U0'
Finished Parsing XDC File [/home/ashraf/vivado-risc-v/workspace/rocket64b1/vivado-vc707-riscv/vc707-riscv.gen/sources_1/bd/riscv/ip/riscv_sys_diff_clock_buf_0/riscv_sys_diff_clock_buf_0_ooc.xdc] for cell 'U0'
Parsing XDC File [/home/ashraf/vivado-risc-v/workspace/rocket64b1/vivado-vc707-riscv/vc707-riscv.gen/sources_1/bd/riscv/ip/riscv_sys_diff_clock_buf_0/riscv_sys_diff_clock_buf_0_board.xdc] for cell 'U0'
Finished Parsing XDC File [/home/ashraf/vivado-risc-v/workspace/rocket64b1/vivado-vc707-riscv/vc707-riscv.gen/sources_1/bd/riscv/ip/riscv_sys_diff_clock_buf_0/riscv_sys_diff_clock_buf_0_board.xdc] for cell 'U0'
Parsing XDC File [/home/ashraf/vivado-risc-v/workspace/rocket64b1/vivado-vc707-riscv/vc707-riscv.runs/riscv_sys_diff_clock_buf_0_synth_1/dont_touch.xdc]
Finished Parsing XDC File [/home/ashraf/vivado-risc-v/workspace/rocket64b1/vivado-vc707-riscv/vc707-riscv.runs/riscv_sys_diff_clock_buf_0_synth_1/dont_touch.xdc]
Completed Processing XDC Constraints

Netlist sorting complete. Time (s): cpu = 00:00:00 ; elapsed = 00:00:00 . Memory (MB): peak = 2296.543 ; gain = 0.000 ; free physical = 419 ; free virtual = 10934
INFO: [Project 1-111] Unisim Transformation Summary:
No Unisim elements were transformed.

Constraint Validation Runtime : Time (s): cpu = 00:00:00.02 ; elapsed = 00:00:00.07 . Memory (MB): peak = 2296.543 ; gain = 0.000 ; free physical = 414 ; free virtual = 10932
INFO: [Designutils 20-5008] Incremental synthesis strategy off
INFO: [Synth 8-11241] undeclared symbol 'REGCCE', assumed default net type 'wire' [/home/ashraf/tools/Vivado/2022.2/data/verilog/src/unimacro/BRAM_SINGLE_MACRO.v:2170]
---------------------------------------------------------------------------------
Finished Constraint Validation : Time (s): cpu = 00:00:13 ; elapsed = 00:00:44 . Memory (MB): peak = 2296.543 ; gain = 521.387 ; free physical = 426 ; free virtual = 11124
Synthesis current peak Physical Memory [PSS] (MB): peak = 1106.981; parent = 972.027; children = 235.317
Synthesis current peak Virtual Memory [VSS] (MB): peak = 3294.137; parent = 2280.539; children = 1013.598
---------------------------------------------------------------------------------
---------------------------------------------------------------------------------
Start Loading Part and Timing Information
---------------------------------------------------------------------------------
Loading part: xc7vx485tffg1761-2
---------------------------------------------------------------------------------
Finished Loading Part and Timing Information : Time (s): cpu = 00:00:13 ; elapsed = 00:00:44 . Memory (MB): peak = 2296.543 ; gain = 521.387 ; free physical = 422 ; free virtual = 11123
Synthesis current peak Physical Memory [PSS] (MB): peak = 1106.981; parent = 972.027; children = 235.317
Synthesis current peak Virtual Memory [VSS] (MB): peak = 3294.137; parent = 2280.539; children = 1013.598
---------------------------------------------------------------------------------
---------------------------------------------------------------------------------
Start Applying 'set_property' XDC Constraints
---------------------------------------------------------------------------------
Applied set_property KEEP_HIERARCHY = SOFT for U0. (constraint file  /home/ashraf/vivado-risc-v/workspace/rocket64b1/vivado-vc707-riscv/vc707-riscv.runs/riscv_sys_diff_clock_buf_0_synth_1/dont_touch.xdc, line 9).
---------------------------------------------------------------------------------
Finished applying 'set_property' XDC Constraints : Time (s): cpu = 00:00:13 ; elapsed = 00:00:44 . Memory (MB): peak = 2296.543 ; gain = 521.387 ; free physical = 420 ; free virtual = 11124
Synthesis current peak Physical Memory [PSS] (MB): peak = 1106.981; parent = 972.027; children = 235.317
Synthesis current peak Virtual Memory [VSS] (MB): peak = 3294.137; parent = 2280.539; children = 1013.598
---------------------------------------------------------------------------------
---------------------------------------------------------------------------------
Finished RTL Optimization Phase 2 : Time (s): cpu = 00:00:14 ; elapsed = 00:00:45 . Memory (MB): peak = 2296.543 ; gain = 521.387 ; free physical = 412 ; free virtual = 11132
Synthesis current peak Physical Memory [PSS] (MB): peak = 1106.981; parent = 972.027; children = 235.317
Synthesis current peak Virtual Memory [VSS] (MB): peak = 3294.137; parent = 2280.539; children = 1013.598
---------------------------------------------------------------------------------
---------------------------------------------------------------------------------
Start RTL Component Statistics 
---------------------------------------------------------------------------------
Detailed RTL Component Info : 
---------------------------------------------------------------------------------
Finished RTL Component Statistics 
---------------------------------------------------------------------------------
---------------------------------------------------------------------------------
Start Part Resource Summary
---------------------------------------------------------------------------------
Part Resources:
DSPs: 2800 (col length:140)
BRAMs: 2060 (col length: RAMB18 140 RAMB36 70)
---------------------------------------------------------------------------------
Finished Part Resource Summary
---------------------------------------------------------------------------------
---------------------------------------------------------------------------------
Start Cross Boundary and Area Optimization
---------------------------------------------------------------------------------
WARNING: [Synth 8-7080] Parallel synthesis criteria is not met
---------------------------------------------------------------------------------
Finished Cross Boundary and Area Optimization : Time (s): cpu = 00:00:14 ; elapsed = 00:00:46 . Memory (MB): peak = 2296.543 ; gain = 521.387 ; free physical = 403 ; free virtual = 11164
Synthesis current peak Physical Memory [PSS] (MB): peak = 1106.981; parent = 972.027; children = 235.317
Synthesis current peak Virtual Memory [VSS] (MB): peak = 3294.137; parent = 2280.539; children = 1013.598
---------------------------------------------------------------------------------
---------------------------------------------------------------------------------
Start Applying XDC Timing Constraints
---------------------------------------------------------------------------------
---------------------------------------------------------------------------------
Finished Applying XDC Timing Constraints : Time (s): cpu = 00:00:19 ; elapsed = 00:00:50 . Memory (MB): peak = 2296.543 ; gain = 521.387 ; free physical = 218 ; free virtual = 11082
Synthesis current peak Physical Memory [PSS] (MB): peak = 1194.951; parent = 972.027; children = 235.317
Synthesis current peak Virtual Memory [VSS] (MB): peak = 3294.137; parent = 2280.539; children = 1013.598
---------------------------------------------------------------------------------
---------------------------------------------------------------------------------
Start Timing Optimization
---------------------------------------------------------------------------------
---------------------------------------------------------------------------------
Finished Timing Optimization : Time (s): cpu = 00:00:19 ; elapsed = 00:00:50 . Memory (MB): peak = 2296.543 ; gain = 521.387 ; free physical = 213 ; free virtual = 11078
Synthesis current peak Physical Memory [PSS] (MB): peak = 1195.052; parent = 972.027; children = 235.317
Synthesis current peak Virtual Memory [VSS] (MB): peak = 3294.137; parent = 2280.539; children = 1013.598
---------------------------------------------------------------------------------
---------------------------------------------------------------------------------
Start Technology Mapping
---------------------------------------------------------------------------------
---------------------------------------------------------------------------------
Finished Technology Mapping : Time (s): cpu = 00:00:19 ; elapsed = 00:00:50 . Memory (MB): peak = 2296.543 ; gain = 521.387 ; free physical = 209 ; free virtual = 11076
Synthesis current peak Physical Memory [PSS] (MB): peak = 1195.558; parent = 972.027; children = 235.317
Synthesis current peak Virtual Memory [VSS] (MB): peak = 3294.137; parent = 2280.539; children = 1013.598
---------------------------------------------------------------------------------
---------------------------------------------------------------------------------
Start IO Insertion
---------------------------------------------------------------------------------
---------------------------------------------------------------------------------
Start Flattening Before IO Insertion
---------------------------------------------------------------------------------
---------------------------------------------------------------------------------
Finished Flattening Before IO Insertion
---------------------------------------------------------------------------------
---------------------------------------------------------------------------------
Start Final Netlist Cleanup
---------------------------------------------------------------------------------
---------------------------------------------------------------------------------
Finished Final Netlist Cleanup
---------------------------------------------------------------------------------
---------------------------------------------------------------------------------
Finished IO Insertion : Time (s): cpu = 00:00:22 ; elapsed = 00:00:53 . Memory (MB): peak = 2296.543 ; gain = 521.387 ; free physical = 261 ; free virtual = 11203
Synthesis current peak Physical Memory [PSS] (MB): peak = 1195.776; parent = 972.027; children = 235.317
Synthesis current peak Virtual Memory [VSS] (MB): peak = 3294.137; parent = 2280.539; children = 1013.598
---------------------------------------------------------------------------------
---------------------------------------------------------------------------------
Start Renaming Generated Instances
---------------------------------------------------------------------------------
---------------------------------------------------------------------------------
Finished Renaming Generated Instances : Time (s): cpu = 00:00:22 ; elapsed = 00:00:53 . Memory (MB): peak = 2296.543 ; gain = 521.387 ; free physical = 261 ; free virtual = 11205
Synthesis current peak Physical Memory [PSS] (MB): peak = 1195.778; parent = 972.027; children = 235.317
Synthesis current peak Virtual Memory [VSS] (MB): peak = 3294.137; parent = 2280.539; children = 1013.598
---------------------------------------------------------------------------------
---------------------------------------------------------------------------------
Start Rebuilding User Hierarchy
---------------------------------------------------------------------------------
---------------------------------------------------------------------------------
Finished Rebuilding User Hierarchy : Time (s): cpu = 00:00:22 ; elapsed = 00:00:54 . Memory (MB): peak = 2296.543 ; gain = 521.387 ; free physical = 262 ; free virtual = 11207
Synthesis current peak Physical Memory [PSS] (MB): peak = 1195.839; parent = 972.027; children = 235.317
Synthesis current peak Virtual Memory [VSS] (MB): peak = 3294.137; parent = 2280.539; children = 1013.598
---------------------------------------------------------------------------------
---------------------------------------------------------------------------------
Start Renaming Generated Ports
---------------------------------------------------------------------------------
---------------------------------------------------------------------------------
Finished Renaming Generated Ports : Time (s): cpu = 00:00:22 ; elapsed = 00:00:54 . Memory (MB): peak = 2296.543 ; gain = 521.387 ; free physical = 262 ; free virtual = 11208
Synthesis current peak Physical Memory [PSS] (MB): peak = 1195.860; parent = 972.027; children = 235.317
Synthesis current peak Virtual Memory [VSS] (MB): peak = 3294.137; parent = 2280.539; children = 1013.598
---------------------------------------------------------------------------------
---------------------------------------------------------------------------------
Start Handling Custom Attributes
---------------------------------------------------------------------------------
---------------------------------------------------------------------------------
Finished Handling Custom Attributes : Time (s): cpu = 00:00:22 ; elapsed = 00:00:54 . Memory (MB): peak = 2296.543 ; gain = 521.387 ; free physical = 263 ; free virtual = 11210
Synthesis current peak Physical Memory [PSS] (MB): peak = 1195.860; parent = 972.027; children = 235.317
Synthesis current peak Virtual Memory [VSS] (MB): peak = 3294.137; parent = 2280.539; children = 1013.598
---------------------------------------------------------------------------------
---------------------------------------------------------------------------------
Start Renaming Generated Nets
---------------------------------------------------------------------------------
---------------------------------------------------------------------------------
Finished Renaming Generated Nets : Time (s): cpu = 00:00:22 ; elapsed = 00:00:54 . Memory (MB): peak = 2296.543 ; gain = 521.387 ; free physical = 263 ; free virtual = 11211
Synthesis current peak Physical Memory [PSS] (MB): peak = 1195.860; parent = 972.027; children = 235.317
Synthesis current peak Virtual Memory [VSS] (MB): peak = 3294.137; parent = 2280.539; children = 1013.598
---------------------------------------------------------------------------------
---------------------------------------------------------------------------------
Start Writing Synthesis Report
---------------------------------------------------------------------------------

Report BlackBoxes: 
+-+--------------+----------+
| |BlackBox name |Instances |
+-+--------------+----------+
+-+--------------+----------+

Report Cell Usage: 
+------+-------+------+
|      |Cell   |Count |
+------+-------+------+
|1     |IBUFDS |     1|
+------+-------+------+
---------------------------------------------------------------------------------
Finished Writing Synthesis Report : Time (s): cpu = 00:00:22 ; elapsed = 00:00:54 . Memory (MB): peak = 2296.543 ; gain = 521.387 ; free physical = 280 ; free virtual = 11229
Synthesis current peak Physical Memory [PSS] (MB): peak = 1195.945; parent = 972.027; children = 235.317
Synthesis current peak Virtual Memory [VSS] (MB): peak = 3294.137; parent = 2280.539; children = 1013.598
---------------------------------------------------------------------------------
Synthesis finished with 0 errors, 0 critical warnings and 122 warnings.
Synthesis Optimization Runtime : Time (s): cpu = 00:00:19 ; elapsed = 00:00:46 . Memory (MB): peak = 2296.543 ; gain = 458.520 ; free physical = 356 ; free virtual = 11308
Synthesis Optimization Complete : Time (s): cpu = 00:00:22 ; elapsed = 00:00:54 . Memory (MB): peak = 2296.543 ; gain = 521.387 ; free physical = 348 ; free virtual = 11303
INFO: [Project 1-571] Translating synthesized netlist
Netlist sorting complete. Time (s): cpu = 00:00:00 ; elapsed = 00:00:00.01 . Memory (MB): peak = 2296.543 ; gain = 0.000 ; free physical = 351 ; free virtual = 11307
INFO: [Netlist 29-17] Analyzing 1 Unisim elements for replacement
INFO: [Netlist 29-28] Unisim Transformation completed in 0 CPU seconds
WARNING: [Netlist 29-1115] Found multi-term driver net: U0/<const0>.
INFO: [Project 1-570] Preparing netlist for logic optimization
INFO: [Opt 31-138] Pushed 0 inverter(s) to 0 load pin(s).
Netlist sorting complete. Time (s): cpu = 00:00:00 ; elapsed = 00:00:00 . Memory (MB): peak = 2296.543 ; gain = 0.000 ; free physical = 532 ; free virtual = 11512
INFO: [Project 1-111] Unisim Transformation Summary:
No Unisim elements were transformed.

Synth Design complete, checksum: c9b34928
INFO: [Common 17-83] Releasing license: Synthesis
27 Infos, 142 Warnings, 0 Critical Warnings and 0 Errors encountered.
synth_design completed successfully
synth_design: Time (s): cpu = 00:00:36 ; elapsed = 00:01:27 . Memory (MB): peak = 2296.543 ; gain = 975.922 ; free physical = 869 ; free virtual = 11853
INFO: [Common 17-1381] The checkpoint '/home/ashraf/vivado-risc-v/workspace/rocket64b1/vivado-vc707-riscv/vc707-riscv.runs/riscv_sys_diff_clock_buf_0_synth_1/riscv_sys_diff_clock_buf_0.dcp' has been generated.
INFO: [Coretcl 2-1648] Added synthesis output to IP cache for IP riscv_sys_diff_clock_buf_0, cache-ID = 56e5bc689d9b57ca
INFO: [Common 17-1381] The checkpoint '/home/ashraf/vivado-risc-v/workspace/rocket64b1/vivado-vc707-riscv/vc707-riscv.runs/riscv_sys_diff_clock_buf_0_synth_1/riscv_sys_diff_clock_buf_0.dcp' has been generated.
INFO: [runtcl-4] Executing : report_utilization -file riscv_sys_diff_clock_buf_0_utilization_synth.rpt -pb riscv_sys_diff_clock_buf_0_utilization_synth.pb
INFO: [Common 17-206] Exiting Vivado at Sun Oct  6 10:45:04 2024...
